# JRE version: OpenJDK Runtime Environment Temurin-21.0.8+9 (21.0.8+9) (build 21.0.8+9-LTS)
# Java VM: OpenJDK 64-Bit Server VM Temurin-21.0.8+9 (21.0.8+9-LTS, mixed mode, emulated-client, sharing, tiered, compressed oops, compressed class ptrs, g1 gc, windows-amd64)
GC Precious Log:
 CardTable entry size: 512
 Card Set container configuration: InlinePtr #cards 5 size 8 Array Of Cards #cards 12 size 40 Howl #buckets 4 coarsen threshold 1843 Howl Bitmap #cards 512 size 80 coarsen threshold 460 Card regions per heap region 1 cards per card region 2048
 CPUs: 16 total, 16 available
 Memory: 16052M
 Large Page Support: Disabled
 NUMA Support: Disabled
 Compressed Oops: Enabled (32-bit)
 Heap Region Size: 1M
 Heap Min Capacity: 8M
 Heap Initial Capacity: 252M
 Heap Max Capacity: 1G
 Pre-touch: Disabled
 Parallel Workers: 13
 Concurrent Workers: 3
 Concurrent Refinement Workers: 13
 Periodic GC: Disabled
Heap:
 garbage-first heap   total 105472K, used 39752K [0x00000000c0000000, 0x0000000100000000)
  region size 1024K, 1 young (1024K), 0 survivors (0K)
 Metaspace       used 58015K, committed 58816K, reserved 1114112K
  class space    used 7392K, committed 7744K, reserved 1048576K
GC Heap History (20 events):
Event: 1535.594 GC heap after
{Heap after GC invocations=120 (full 88):
 garbage-first heap   total 105472K, used 39752K [0x00000000c0000000, 0x0000000100000000)
  region size 1024K, 0 young (0K), 0 survivors (0K)
 Metaspace       used 58015K, committed 58816K, reserved 1114112K
  class space    used 7392K, committed 7744K, reserved 1048576K
}
Event: 1545.894 GC heap before
{Heap before GC invocations=120 (full 88):
 garbage-first heap   total 105472K, used 39752K [0x00000000c0000000, 0x0000000100000000)
  region size 1024K, 1 young (1024K), 0 survivors (0K)
 Metaspace       used 58015K, committed 58816K, reserved 1114112K
  class space    used 7392K, committed 7744K, reserved 1048576K
}
Event: 1545.941 GC heap after
{Heap after GC invocations=121 (full 89):
 garbage-first heap   total 105472K, used 39752K [0x00000000c0000000, 0x0000000100000000)
  region size 1024K, 0 young (0K), 0 survivors (0K)
 Metaspace       used 58015K, committed 58816K, reserved 1114112K
  class space    used 7392K, committed 7744K, reserved 1048576K
}
Event: 1556.324 GC heap before
{Heap before GC invocations=121 (full 89):
 garbage-first heap   total 105472K, used 39752K [0x00000000c0000000, 0x0000000100000000)
  region size 1024K, 1 young (1024K), 0 survivors (0K)
 Metaspace       used 58015K, committed 58816K, reserved 1114112K
  class space    used 7392K, committed 7744K, reserved 1048576K
}
Event: 1556.375 GC heap after
{Heap after GC invocations=122 (full 90):
 garbage-first heap   total 105472K, used 39752K [0x00000000c0000000, 0x0000000100000000)
  region size 1024K, 0 young (0K), 0 survivors (0K)
 Metaspace       used 58015K, committed 58816K, reserved 1114112K
  class space    used 7392K, committed 7744K, reserved 1048576K
}
Event: 1566.676 GC heap before
{Heap before GC invocations=122 (full 90):
 garbage-first heap   total 105472K, used 39752K [0x00000000c0000000, 0x0000000100000000)
  region size 1024K, 1 young (1024K), 0 survivors (0K)
 Metaspace       used 58015K, committed 58816K, reserved 1114112K
  class space    used 7392K, committed 7744K, reserved 1048576K
}
Event: 1566.731 GC heap after
{Heap after GC invocations=123 (full 91):
 garbage-first heap   total 105472K, used 39752K [0x00000000c0000000, 0x0000000100000000)
  region size 1024K, 0 young (0K), 0 survivors (0K)
 Metaspace       used 58015K, committed 58816K, reserved 1114112K
  class space    used 7392K, committed 7744K, reserved 1048576K
}
Event: 1577.070 GC heap before
{Heap before GC invocations=123 (full 91):
 garbage-first heap   total 105472K, used 39752K [0x00000000c0000000, 0x0000000100000000)
  region size 1024K, 1 young (1024K), 0 survivors (0K)
 Metaspace       used 58015K, committed 58816K, reserved 1114112K
  class space    used 7392K, committed 7744K, reserved 1048576K
}
Event: 1577.126 GC heap after
{Heap after GC invocations=124 (full 92):
 garbage-first heap   total 105472K, used 39752K [0x00000000c0000000, 0x0000000100000000)
  region size 1024K, 0 young (0K), 0 survivors (0K)
 Metaspace       used 58015K, committed 58816K, reserved 1114112K
  class space    used 7392K, committed 7744K, reserved 1048576K
}
Event: 1587.493 GC heap before
{Heap before GC invocations=124 (full 92):
 garbage-first heap   total 105472K, used 39752K [0x00000000c0000000, 0x0000000100000000)
  region size 1024K, 1 young (1024K), 0 survivors (0K)
 Metaspace       used 58015K, committed 58816K, reserved 1114112K
  class space    used 7392K, committed 7744K, reserved 1048576K
}
Event: 1587.542 GC heap after
{Heap after GC invocations=125 (full 93):
 garbage-first heap   total 105472K, used 39752K [0x00000000c0000000, 0x0000000100000000)
  region size 1024K, 0 young (0K), 0 survivors (0K)
 Metaspace       used 58015K, committed 58816K, reserved 1114112K
  class space    used 7392K, committed 7744K, reserved 1048576K
}
Event: 1597.867 GC heap before
{Heap before GC invocations=125 (full 93):
 garbage-first heap   total 105472K, used 39752K [0x00000000c0000000, 0x0000000100000000)
  region size 1024K, 1 young (1024K), 0 survivors (0K)
 Metaspace       used 58015K, committed 58816K, reserved 1114112K
  class space    used 7392K, committed 7744K, reserved 1048576K
}
Event: 1597.927 GC heap after
{Heap after GC invocations=126 (full 94):
 garbage-first heap   total 105472K, used 39752K [0x00000000c0000000, 0x0000000100000000)
  region size 1024K, 0 young (0K), 0 survivors (0K)
 Metaspace       used 58015K, committed 58816K, reserved 1114112K
  class space    used 7392K, committed 7744K, reserved 1048576K
}
Event: 1608.321 GC heap before
{Heap before GC invocations=126 (full 94):
 garbage-first heap   total 105472K, used 39752K [0x00000000c0000000, 0x0000000100000000)
  region size 1024K, 1 young (1024K), 0 survivors (0K)
 Metaspace       used 58015K, committed 58816K, reserved 1114112K
  class space    used 7392K, committed 7744K, reserved 1048576K
}
Event: 1608.382 GC heap after
{Heap after GC invocations=127 (full 95):
 garbage-first heap   total 105472K, used 39752K [0x00000000c0000000, 0x0000000100000000)
  region size 1024K, 0 young (0K), 0 survivors (0K)
 Metaspace       used 58015K, committed 58816K, reserved 1114112K
  class space    used 7392K, committed 7744K, reserved 1048576K
}
Event: 1618.792 GC heap before
{Heap before GC invocations=127 (full 95):
 garbage-first heap   total 105472K, used 39752K [0x00000000c0000000, 0x0000000100000000)
  region size 1024K, 1 young (1024K), 0 survivors (0K)
 Metaspace       used 58015K, committed 58816K, reserved 1114112K
  class space    used 7392K, committed 7744K, reserved 1048576K
}
Event: 1618.848 GC heap after
{Heap after GC invocations=128 (full 96):
 garbage-first heap   total 105472K, used 39752K [0x00000000c0000000, 0x0000000100000000)
  region size 1024K, 0 young (0K), 0 survivors (0K)
 Metaspace       used 58015K, committed 58816K, reserved 1114112K
  class space    used 7392K, committed 7744K, reserved 1048576K
}
Event: 1629.186 GC heap before
{Heap before GC invocations=128 (full 96):
 garbage-first heap   total 105472K, used 39752K [0x00000000c0000000, 0x0000000100000000)
  region size 1024K, 1 young (1024K), 0 survivors (0K)
 Metaspace       used 58015K, committed 58816K, reserved 1114112K
  class space    used 7392K, committed 7744K, reserved 1048576K
}
Event: 1629.246 GC heap after
{Heap after GC invocations=129 (full 97):
 garbage-first heap   total 105472K, used 39752K [0x00000000c0000000, 0x0000000100000000)
  region size 1024K, 0 young (0K), 0 survivors (0K)
 Metaspace       used 58015K, committed 58816K, reserved 1114112K
  class space    used 7392K, committed 7744K, reserved 1048576K
}
Event: 1639.554 GC heap before
{Heap before GC invocations=129 (full 97):
 garbage-first heap   total 105472K, used 39752K [0x00000000c0000000, 0x0000000100000000)
  region size 1024K, 1 young (1024K), 0 survivors (0K)
 Metaspace       used 58015K, committed 58816K, reserved 1114112K
  class space    used 7392K, committed 7744K, reserved 1048576K
}

